app/build/intermediates/manifest_merge_blame_file/debug/manifest-merger-blame-debug-report.txt
1<?xml version="1.0" encoding="utf-8"?>
2<manifest xmlns:android="http://schemas.android.com/apk/res/android"
3    package="com.siragu.gameall"
4    android:versionCode="18"
5    android:versionName="4.0" >
6
7    <uses-sdk
8        android:minSdkVersion="21"
8-->src\main\AndroidManifest.xml
9        android:targetSdkVersion="29" />
9-->src\main\AndroidManifest.xml
10
11    <uses-permission android:name="android.permission.ACCESS_NETWORK_STATE" />
11-->src\main\AndroidManifest.xml:6:5-79
11-->src\main\AndroidManifest.xml:6:22-76
12    <uses-permission android:name="android.permission.INTERNET" />
12-->src\main\AndroidManifest.xml:7:5-67
12-->src\main\AndroidManifest.xml:7:22-64
13    <uses-permission android:name="android.permission.WRITE_EXTERNAL_STORAGE" />
13-->src\main\AndroidManifest.xml:8:5-81
13-->src\main\AndroidManifest.xml:8:22-78
14    <uses-permission android:name="android.permission.CAMERA" />
14-->src\main\AndroidManifest.xml:9:5-65
14-->src\main\AndroidManifest.xml:9:22-62
15    <uses-permission android:name="android.permission.RECORD_AUDIO" />
15-->src\main\AndroidManifest.xml:10:5-71
15-->src\main\AndroidManifest.xml:10:22-68
16    <uses-permission android:name="android.permission.VIBRATE" />
16-->src\main\AndroidManifest.xml:11:5-66
16-->src\main\AndroidManifest.xml:11:22-63
17
18    <uses-feature android:name="android.hardware.camera" />
18-->src\main\AndroidManifest.xml:13:5-60
18-->src\main\AndroidManifest.xml:13:19-57
19    <uses-feature android:name="android.hardware.camera.autofocus" />
19-->src\main\AndroidManifest.xml:14:5-70
19-->src\main\AndroidManifest.xml:14:19-67
20
21    <uses-permission android:name="android.permission.WAKE_LOCK" />
21-->[androidx.work:work-runtime:2.3.4] AndroidManifest.xml:25:5-68
21-->[androidx.work:work-runtime:2.3.4] AndroidManifest.xml:25:22-65
22    <uses-permission android:name="android.permission.RECEIVE_BOOT_COMPLETED" />
22-->[androidx.work:work-runtime:2.3.4] AndroidManifest.xml:27:5-81
22-->[androidx.work:work-runtime:2.3.4] AndroidManifest.xml:27:22-78
23    <uses-permission android:name="android.permission.FOREGROUND_SERVICE" /> <!-- Create a unique permission for your app and use it so only your app can receive your OneSignal messages. -->
23-->[androidx.work:work-runtime:2.3.4] AndroidManifest.xml:28:5-77
23-->[androidx.work:work-runtime:2.3.4] AndroidManifest.xml:28:22-74
24    <permission
24-->[com.onesignal:OneSignal:3.13.1] AndroidManifest.xml:7:5-9:47
25        android:name="com.siragu.gameall.permission.C2D_MESSAGE"
25-->[com.onesignal:OneSignal:3.13.1] AndroidManifest.xml:8:9-63
26        android:protectionLevel="signature" />
26-->[com.onesignal:OneSignal:3.13.1] AndroidManifest.xml:9:9-44
27
28    <uses-permission android:name="com.siragu.gameall.permission.C2D_MESSAGE" />
28-->[com.onesignal:OneSignal:3.13.1] AndroidManifest.xml:11:5-79
28-->[com.onesignal:OneSignal:3.13.1] AndroidManifest.xml:11:22-76
29    <uses-permission android:name="com.google.android.c2dm.permission.RECEIVE" /> <!-- START: ShortcutBadger -->
29-->[com.onesignal:OneSignal:3.13.1] AndroidManifest.xml:17:5-82
29-->[com.onesignal:OneSignal:3.13.1] AndroidManifest.xml:17:22-79
30    <!-- Samsung -->
31    <uses-permission android:name="com.sec.android.provider.badge.permission.READ" />
31-->[com.onesignal:OneSignal:3.13.1] AndroidManifest.xml:31:5-86
31-->[com.onesignal:OneSignal:3.13.1] AndroidManifest.xml:31:22-83
32    <uses-permission android:name="com.sec.android.provider.badge.permission.WRITE" /> <!-- HTC -->
32-->[com.onesignal:OneSignal:3.13.1] AndroidManifest.xml:32:5-87
32-->[com.onesignal:OneSignal:3.13.1] AndroidManifest.xml:32:22-84
33    <uses-permission android:name="com.htc.launcher.permission.READ_SETTINGS" />
33-->[com.onesignal:OneSignal:3.13.1] AndroidManifest.xml:33:5-81
33-->[com.onesignal:OneSignal:3.13.1] AndroidManifest.xml:33:22-78
34    <uses-permission android:name="com.htc.launcher.permission.UPDATE_SHORTCUT" /> <!-- Sony -->
34-->[com.onesignal:OneSignal:3.13.1] AndroidManifest.xml:34:5-83
34-->[com.onesignal:OneSignal:3.13.1] AndroidManifest.xml:34:22-80
35    <uses-permission android:name="com.sonyericsson.home.permission.BROADCAST_BADGE" />
35-->[com.onesignal:OneSignal:3.13.1] AndroidManifest.xml:35:5-88
35-->[com.onesignal:OneSignal:3.13.1] AndroidManifest.xml:35:22-85
36    <uses-permission android:name="com.sonymobile.home.permission.PROVIDER_INSERT_BADGE" /> <!-- Apex -->
36-->[com.onesignal:OneSignal:3.13.1] AndroidManifest.xml:36:5-92
36-->[com.onesignal:OneSignal:3.13.1] AndroidManifest.xml:36:22-89
37    <uses-permission android:name="com.anddoes.launcher.permission.UPDATE_COUNT" /> <!-- Solid -->
37-->[com.onesignal:OneSignal:3.13.1] AndroidManifest.xml:37:5-84
37-->[com.onesignal:OneSignal:3.13.1] AndroidManifest.xml:37:22-81
38    <uses-permission android:name="com.majeur.launcher.permission.UPDATE_BADGE" /> <!-- Huawei -->
38-->[com.onesignal:OneSignal:3.13.1] AndroidManifest.xml:38:5-83
38-->[com.onesignal:OneSignal:3.13.1] AndroidManifest.xml:38:22-80
39    <uses-permission android:name="com.huawei.android.launcher.permission.CHANGE_BADGE" />
39-->[com.onesignal:OneSignal:3.13.1] AndroidManifest.xml:39:5-91
39-->[com.onesignal:OneSignal:3.13.1] AndroidManifest.xml:39:22-88
40    <uses-permission android:name="com.huawei.android.launcher.permission.READ_SETTINGS" />
40-->[com.onesignal:OneSignal:3.13.1] AndroidManifest.xml:40:5-92
40-->[com.onesignal:OneSignal:3.13.1] AndroidManifest.xml:40:22-89
41    <uses-permission android:name="com.huawei.android.launcher.permission.WRITE_SETTINGS" /> <!-- ZUK -->
41-->[com.onesignal:OneSignal:3.13.1] AndroidManifest.xml:41:5-93
41-->[com.onesignal:OneSignal:3.13.1] AndroidManifest.xml:41:22-90
42    <uses-permission android:name="android.permission.READ_APP_BADGE" /> <!-- OPPO -->
42-->[com.onesignal:OneSignal:3.13.1] AndroidManifest.xml:42:5-73
42-->[com.onesignal:OneSignal:3.13.1] AndroidManifest.xml:42:22-70
43    <uses-permission android:name="com.oppo.launcher.permission.READ_SETTINGS" />
43-->[com.onesignal:OneSignal:3.13.1] AndroidManifest.xml:43:5-82
43-->[com.onesignal:OneSignal:3.13.1] AndroidManifest.xml:43:22-79
44    <uses-permission android:name="com.oppo.launcher.permission.WRITE_SETTINGS" /> <!-- EvMe -->
44-->[com.onesignal:OneSignal:3.13.1] AndroidManifest.xml:44:5-83
44-->[com.onesignal:OneSignal:3.13.1] AndroidManifest.xml:44:22-80
45    <uses-permission android:name="me.everything.badger.permission.BADGE_COUNT_READ" />
45-->[com.onesignal:OneSignal:3.13.1] AndroidManifest.xml:45:5-88
45-->[com.onesignal:OneSignal:3.13.1] AndroidManifest.xml:45:22-85
46    <uses-permission android:name="me.everything.badger.permission.BADGE_COUNT_WRITE" />
46-->[com.onesignal:OneSignal:3.13.1] AndroidManifest.xml:46:5-89
46-->[com.onesignal:OneSignal:3.13.1] AndroidManifest.xml:46:22-86
47
48    <application
48-->src\main\AndroidManifest.xml:16:5-137:19
49        android:name="com.siragu.gameall.application.BaseApplication"
49-->src\main\AndroidManifest.xml:17:9-52
50        android:allowBackup="true"
50-->src\main\AndroidManifest.xml:18:9-35
51        android:appComponentFactory="androidx.core.app.CoreComponentFactory"
51-->[androidx.core:core:1.3.1] AndroidManifest.xml:24:18-86
52        android:debuggable="true"
53        android:icon="@drawable/siragu_logo"
53-->src\main\AndroidManifest.xml:19:9-45
54        android:label="@string/app_name"
54-->src\main\AndroidManifest.xml:20:9-41
55        android:requestLegacyExternalStorage="true"
55-->src\main\AndroidManifest.xml:21:9-52
56        android:supportsRtl="true"
56-->src\main\AndroidManifest.xml:22:9-35
57        android:testOnly="true"
58        android:theme="@style/AppTheme"
58-->src\main\AndroidManifest.xml:23:9-40
59        android:usesCleartextTraffic="true" >
59-->src\main\AndroidManifest.xml:24:9-44
60        <meta-data
60-->src\main\AndroidManifest.xml:28:9-30:55
61            android:name="com.facebook.sdk.ApplicationId"
61-->src\main\AndroidManifest.xml:29:13-58
62            android:value="@string/facebook_app_id" />
62-->src\main\AndroidManifest.xml:30:13-52
63        <meta-data
63-->src\main\AndroidManifest.xml:31:9-33:49
64            android:name="com.google.android.gms.ads.APPLICATION_ID"
64-->src\main\AndroidManifest.xml:32:13-69
65            android:value="YOUR_ADMOB_APP_ID" />
65-->src\main\AndroidManifest.xml:33:13-46
66
67        <activity
67-->src\main\AndroidManifest.xml:35:9-38:48
68            android:name="com.facebook.FacebookActivity"
68-->src\main\AndroidManifest.xml:36:13-57
69            android:configChanges="keyboard|keyboardHidden|screenLayout|screenSize|orientation"
69-->src\main\AndroidManifest.xml:37:13-96
70            android:label="@string/app_name"
70-->src\main\AndroidManifest.xml:38:13-45
71            android:theme="@style/com_facebook_activity_theme" />
71-->[com.facebook.android:facebook-common:5.13.0] AndroidManifest.xml:32:13-63
72        <activity
72-->src\main\AndroidManifest.xml:39:9-50:20
73            android:name="com.facebook.CustomTabActivity"
73-->src\main\AndroidManifest.xml:40:13-58
74            android:exported="true" >
74-->src\main\AndroidManifest.xml:41:13-36
75            <intent-filter>
75-->src\main\AndroidManifest.xml:42:13-49:29
76                <action android:name="android.intent.action.VIEW" />
76-->src\main\AndroidManifest.xml:43:17-69
76-->src\main\AndroidManifest.xml:43:25-66
77
78                <category android:name="android.intent.category.DEFAULT" />
78-->src\main\AndroidManifest.xml:45:17-76
78-->src\main\AndroidManifest.xml:45:27-73
79                <category android:name="android.intent.category.BROWSABLE" />
79-->src\main\AndroidManifest.xml:46:17-78
79-->src\main\AndroidManifest.xml:46:27-75
80
81                <data android:scheme="@string/fb_login_protocol_scheme" />
81-->src\main\AndroidManifest.xml:48:17-75
81-->src\main\AndroidManifest.xml:48:23-72
82            </intent-filter>
83        </activity>
84        <activity
84-->src\main\AndroidManifest.xml:51:9-73:20
85            android:name="com.siragu.gameall.activity.SplashScreenActivity"
85-->src\main\AndroidManifest.xml:52:13-58
86            android:screenOrientation="portrait"
86-->src\main\AndroidManifest.xml:53:13-49
87            android:windowSoftInputMode="stateHidden" >
87-->src\main\AndroidManifest.xml:54:13-54
88            <intent-filter>
88-->src\main\AndroidManifest.xml:55:13-59:29
89                <action android:name="android.intent.action.MAIN" />
89-->src\main\AndroidManifest.xml:56:17-69
89-->src\main\AndroidManifest.xml:56:25-66
90
91                <category android:name="android.intent.category.LAUNCHER" />
91-->src\main\AndroidManifest.xml:58:17-77
91-->src\main\AndroidManifest.xml:58:27-74
92            </intent-filter>
93            <intent-filter android:autoVerify="true" >
93-->src\main\AndroidManifest.xml:60:13-72:29
93-->src\main\AndroidManifest.xml:60:28-53
94                <action android:name="android.intent.action.VIEW" />
94-->src\main\AndroidManifest.xml:43:17-69
94-->src\main\AndroidManifest.xml:43:25-66
95
96                <category android:name="android.intent.category.DEFAULT" />
96-->src\main\AndroidManifest.xml:45:17-76
96-->src\main\AndroidManifest.xml:45:27-73
97                <category android:name="android.intent.category.BROWSABLE" />
97-->src\main\AndroidManifest.xml:46:17-78
97-->src\main\AndroidManifest.xml:46:27-75
98
99                <data
99-->src\main\AndroidManifest.xml:48:17-75
100                    android:host="@string/dynamic_link_domain"
100-->src\main\AndroidManifest.xml:67:21-63
101                    android:scheme="http" />
101-->src\main\AndroidManifest.xml:48:23-72
102                <data
102-->src\main\AndroidManifest.xml:48:17-75
103                    android:host="@string/dynamic_link_domain"
103-->src\main\AndroidManifest.xml:67:21-63
104                    android:scheme="https" />
104-->src\main\AndroidManifest.xml:48:23-72
105            </intent-filter>
106        </activity>
107        <activity
107-->src\main\AndroidManifest.xml:74:9-77:58
108            android:name="com.siragu.gameall.activity.MainActivity"
108-->src\main\AndroidManifest.xml:75:13-50
109            android:screenOrientation="portrait"
109-->src\main\AndroidManifest.xml:76:13-49
110            android:windowSoftInputMode="adjustResize" />
110-->src\main\AndroidManifest.xml:77:13-55
111        <activity
111-->src\main\AndroidManifest.xml:78:9-80:52
112            android:name="com.siragu.gameall.activity.SettingsActivity"
112-->src\main\AndroidManifest.xml:79:13-54
113            android:screenOrientation="portrait" />
113-->src\main\AndroidManifest.xml:80:13-49
114        <activity
114-->src\main\AndroidManifest.xml:81:9-85:15
115            android:name="com.siragu.gameall.activity.CommentActivity"
115-->src\main\AndroidManifest.xml:82:13-53
116            android:screenOrientation="portrait"
116-->src\main\AndroidManifest.xml:84:13-49
117            android:windowSoftInputMode="adjustResize" />
117-->src\main\AndroidManifest.xml:83:13-55
118        <activity
118-->src\main\AndroidManifest.xml:86:9-89:55
119            android:name="com.siragu.gameall.activity.DetailHomeItemActivity"
119-->src\main\AndroidManifest.xml:87:13-60
120            android:screenOrientation="portrait"
120-->src\main\AndroidManifest.xml:88:13-49
121            android:windowSoftInputMode="adjustPan" />
121-->src\main\AndroidManifest.xml:89:13-52
122        <activity
122-->src\main\AndroidManifest.xml:90:9-93:70
123            android:name="com.siragu.gameall.activity.UserProfileDetailActivity"
123-->src\main\AndroidManifest.xml:91:13-63
124            android:screenOrientation="portrait"
124-->src\main\AndroidManifest.xml:92:13-49
125            android:windowSoftInputMode="stateHidden|adjustResize" />
125-->src\main\AndroidManifest.xml:93:13-67
126        <activity
126-->src\main\AndroidManifest.xml:94:9-97:70
127            android:name="com.siragu.gameall.activity.FollowerFollowingActivity"
127-->src\main\AndroidManifest.xml:95:13-63
128            android:screenOrientation="portrait"
128-->src\main\AndroidManifest.xml:96:13-49
129            android:windowSoftInputMode="stateHidden|adjustResize" />
129-->src\main\AndroidManifest.xml:97:13-67
130        <activity
130-->src\main\AndroidManifest.xml:98:9-101:70
131            android:name="com.siragu.gameall.activity.FeedbackActivity"
131-->src\main\AndroidManifest.xml:99:13-54
132            android:screenOrientation="portrait"
132-->src\main\AndroidManifest.xml:100:13-49
133            android:windowSoftInputMode="stateHidden|adjustResize" />
133-->src\main\AndroidManifest.xml:101:13-67
134        <activity
134-->src\main\AndroidManifest.xml:102:9-105:70
135            android:name="com.siragu.gameall.activity.EditProfileActivityActivity"
135-->src\main\AndroidManifest.xml:103:13-65
136            android:screenOrientation="portrait"
136-->src\main\AndroidManifest.xml:104:13-49
137            android:windowSoftInputMode="stateHidden|adjustResize" />
137-->src\main\AndroidManifest.xml:105:13-67
138
139        <provider
139-->src\main\AndroidManifest.xml:107:9-116:20
140            android:name="com.siragu.gameall.util.MyFileProvider"
140-->src\main\AndroidManifest.xml:108:13-48
141            android:authorities="@string/authority"
141-->src\main\AndroidManifest.xml:109:13-52
142            android:exported="false"
142-->src\main\AndroidManifest.xml:110:13-37
143            android:grantUriPermissions="true" >
143-->src\main\AndroidManifest.xml:111:13-47
144            <meta-data
144-->src\main\AndroidManifest.xml:113:13-115:58
145                android:name="android.support.FILE_PROVIDER_PATHS"
145-->src\main\AndroidManifest.xml:114:17-67
146                android:resource="@xml/provider_paths" />
146-->src\main\AndroidManifest.xml:115:17-55
147        </provider>
148
149        <activity
149-->src\main\AndroidManifest.xml:118:9-121:57
150            android:name="com.siragu.gameall.activity.StatusActivity"
150-->src\main\AndroidManifest.xml:119:13-52
151            android:screenOrientation="portrait"
151-->src\main\AndroidManifest.xml:120:13-49
152            android:windowSoftInputMode="stateHidden" />
152-->src\main\AndroidManifest.xml:121:13-54
153        <activity
153-->src\main\AndroidManifest.xml:122:9-125:57
154            android:name="com.siragu.gameall.activity.MessagesActivity"
154-->src\main\AndroidManifest.xml:123:13-54
155            android:screenOrientation="portrait"
155-->src\main\AndroidManifest.xml:124:13-49
156            android:windowSoftInputMode="stateHidden" />
156-->src\main\AndroidManifest.xml:125:13-54
157        <activity
157-->src\main\AndroidManifest.xml:126:9-129:57
158            android:name="com.siragu.gameall.activity.BookmarksActivity"
158-->src\main\AndroidManifest.xml:127:13-55
159            android:screenOrientation="portrait"
159-->src\main\AndroidManifest.xml:128:13-49
160            android:windowSoftInputMode="stateHidden" />
160-->src\main\AndroidManifest.xml:129:13-54
161        <activity
161-->src\main\AndroidManifest.xml:130:9-132:52
162            android:name="com.siragu.gameall.activity.ImageViewerActivity"
162-->src\main\AndroidManifest.xml:131:13-57
163            android:screenOrientation="portrait" />
163-->src\main\AndroidManifest.xml:132:13-49
164        <activity
164-->src\main\AndroidManifest.xml:133:9-136:59
165            android:name="com.theartofdev.edmodo.cropper.CropImageActivity"
165-->src\main\AndroidManifest.xml:134:13-76
166            android:screenOrientation="portrait"
166-->src\main\AndroidManifest.xml:135:13-49
167            android:theme="@style/Base.Theme.AppCompat" />
167-->src\main\AndroidManifest.xml:136:13-56
168
169        <service
169-->[com.google.firebase:firebase-database:19.2.1] AndroidManifest.xml:29:9-35:19
170            android:name="com.google.firebase.components.ComponentDiscoveryService"
170-->[com.google.firebase:firebase-database:19.2.1] AndroidManifest.xml:30:13-84
171            android:directBootAware="true"
171-->[com.google.firebase:firebase-common:19.3.0] AndroidManifest.xml:34:13-43
172            android:exported="false" >
172-->[com.google.firebase:firebase-database:19.2.1] AndroidManifest.xml:31:13-37
173            <meta-data
173-->[com.google.firebase:firebase-database:19.2.1] AndroidManifest.xml:32:13-34:85
174                android:name="com.google.firebase.components:com.google.firebase.database.DatabaseRegistrar"
174-->[com.google.firebase:firebase-database:19.2.1] AndroidManifest.xml:33:17-109
175                android:value="com.google.firebase.components.ComponentRegistrar" />
175-->[com.google.firebase:firebase-database:19.2.1] AndroidManifest.xml:34:17-82
176            <meta-data
176-->[com.google.firebase:firebase-storage:19.1.1] AndroidManifest.xml:33:13-35:85
177                android:name="com.google.firebase.components:com.google.firebase.storage.StorageRegistrar"
177-->[com.google.firebase:firebase-storage:19.1.1] AndroidManifest.xml:34:17-107
178                android:value="com.google.firebase.components.ComponentRegistrar" />
178-->[com.google.firebase:firebase-storage:19.1.1] AndroidManifest.xml:35:17-82
179            <meta-data
179-->[com.google.firebase:firebase-auth:19.3.0] AndroidManifest.xml:36:13-38:85
180                android:name="com.google.firebase.components:com.google.firebase.auth.FirebaseAuthRegistrar"
180-->[com.google.firebase:firebase-auth:19.3.0] AndroidManifest.xml:37:17-109
181                android:value="com.google.firebase.components.ComponentRegistrar" />
181-->[com.google.firebase:firebase-auth:19.3.0] AndroidManifest.xml:38:17-82
182            <meta-data
182-->[com.google.firebase:firebase-dynamic-links:19.1.0] AndroidManifest.xml:9:13-11:85
183                android:name="com.google.firebase.components:com.google.firebase.dynamiclinks.internal.FirebaseDynamicLinkRegistrar"
183-->[com.google.firebase:firebase-dynamic-links:19.1.0] AndroidManifest.xml:10:17-133
184                android:value="com.google.firebase.components.ComponentRegistrar" />
184-->[com.google.firebase:firebase-dynamic-links:19.1.0] AndroidManifest.xml:11:17-82
185            <meta-data
185-->[com.google.firebase:firebase-iid:17.0.3] AndroidManifest.xml:32:13-34:85
186                android:name="com.google.firebase.components:com.google.firebase.iid.Registrar"
186-->[com.google.firebase:firebase-iid:17.0.3] AndroidManifest.xml:33:17-96
187                android:value="com.google.firebase.components.ComponentRegistrar" />
187-->[com.google.firebase:firebase-iid:17.0.3] AndroidManifest.xml:34:17-82
188        </service>
189
190        <activity
190-->[com.google.firebase:firebase-auth:19.3.0] AndroidManifest.xml:24:9-31:50
191            android:name="com.google.firebase.auth.internal.FederatedSignInActivity"
191-->[com.google.firebase:firebase-auth:19.3.0] AndroidManifest.xml:25:13-85
192            android:excludeFromRecents="true"
192-->[com.google.firebase:firebase-auth:19.3.0] AndroidManifest.xml:26:13-46
193            android:exported="true"
193-->[com.google.firebase:firebase-auth:19.3.0] AndroidManifest.xml:27:13-36
194            android:launchMode="singleTask"
194-->[com.google.firebase:firebase-auth:19.3.0] AndroidManifest.xml:28:13-44
195            android:permission="com.google.firebase.auth.api.gms.permission.LAUNCH_FEDERATED_SIGN_IN"
195-->[com.google.firebase:firebase-auth:19.3.0] AndroidManifest.xml:29:13-102
196            android:theme="@android:style/Theme.Translucent.NoTitleBar" />
196-->[com.google.firebase:firebase-auth:19.3.0] AndroidManifest.xml:30:13-72
197
198        <provider
198-->[androidx.work:work-runtime:2.3.4] AndroidManifest.xml:31:9-37:35
199            android:name="androidx.work.impl.WorkManagerInitializer"
199-->[androidx.work:work-runtime:2.3.4] AndroidManifest.xml:32:13-69
200            android:authorities="com.siragu.gameall.workmanager-init"
200-->[androidx.work:work-runtime:2.3.4] AndroidManifest.xml:33:13-68
201            android:directBootAware="false"
201-->[androidx.work:work-runtime:2.3.4] AndroidManifest.xml:34:13-44
202            android:exported="false"
202-->[androidx.work:work-runtime:2.3.4] AndroidManifest.xml:35:13-37
203            android:multiprocess="true" />
203-->[androidx.work:work-runtime:2.3.4] AndroidManifest.xml:36:13-40
204
205        <service
205-->[androidx.work:work-runtime:2.3.4] AndroidManifest.xml:39:9-44:35
206            android:name="androidx.work.impl.background.systemalarm.SystemAlarmService"
206-->[androidx.work:work-runtime:2.3.4] AndroidManifest.xml:40:13-88
207            android:directBootAware="false"
207-->[androidx.work:work-runtime:2.3.4] AndroidManifest.xml:41:13-44
208            android:enabled="@bool/enable_system_alarm_service_default"
208-->[androidx.work:work-runtime:2.3.4] AndroidManifest.xml:42:13-72
209            android:exported="false" />
209-->[androidx.work:work-runtime:2.3.4] AndroidManifest.xml:43:13-37
210        <service
210-->[androidx.work:work-runtime:2.3.4] AndroidManifest.xml:45:9-51:35
211            android:name="androidx.work.impl.background.systemjob.SystemJobService"
211-->[androidx.work:work-runtime:2.3.4] AndroidManifest.xml:46:13-84
212            android:directBootAware="false"
212-->[androidx.work:work-runtime:2.3.4] AndroidManifest.xml:47:13-44
213            android:enabled="@bool/enable_system_job_service_default"
213-->[androidx.work:work-runtime:2.3.4] AndroidManifest.xml:48:13-70
214            android:exported="true"
214-->[androidx.work:work-runtime:2.3.4] AndroidManifest.xml:49:13-36
215            android:permission="android.permission.BIND_JOB_SERVICE" />
215-->[androidx.work:work-runtime:2.3.4] AndroidManifest.xml:50:13-69
216        <service
216-->[androidx.work:work-runtime:2.3.4] AndroidManifest.xml:52:9-57:35
217            android:name="androidx.work.impl.foreground.SystemForegroundService"
217-->[androidx.work:work-runtime:2.3.4] AndroidManifest.xml:53:13-81
218            android:directBootAware="false"
218-->[androidx.work:work-runtime:2.3.4] AndroidManifest.xml:54:13-44
219            android:enabled="@bool/enable_system_foreground_service_default"
219-->[androidx.work:work-runtime:2.3.4] AndroidManifest.xml:55:13-77
220            android:exported="false" />
220-->[androidx.work:work-runtime:2.3.4] AndroidManifest.xml:56:13-37
221
222        <receiver
222-->[androidx.work:work-runtime:2.3.4] AndroidManifest.xml:59:9-64:35
223            android:name="androidx.work.impl.utils.ForceStopRunnable$BroadcastReceiver"
223-->[androidx.work:work-runtime:2.3.4] AndroidManifest.xml:60:13-88
224            android:directBootAware="false"
224-->[androidx.work:work-runtime:2.3.4] AndroidManifest.xml:61:13-44
225            android:enabled="true"
225-->[androidx.work:work-runtime:2.3.4] AndroidManifest.xml:62:13-35
226            android:exported="false" />
226-->[androidx.work:work-runtime:2.3.4] AndroidManifest.xml:63:13-37
227        <receiver
227-->[androidx.work:work-runtime:2.3.4] AndroidManifest.xml:65:9-75:20
228            android:name="androidx.work.impl.background.systemalarm.ConstraintProxy$BatteryChargingProxy"
228-->[androidx.work:work-runtime:2.3.4] AndroidManifest.xml:66:13-106
229            android:directBootAware="false"
229-->[androidx.work:work-runtime:2.3.4] AndroidManifest.xml:67:13-44
230            android:enabled="false"
230-->[androidx.work:work-runtime:2.3.4] AndroidManifest.xml:68:13-36
231            android:exported="false" >
231-->[androidx.work:work-runtime:2.3.4] AndroidManifest.xml:69:13-37
232            <intent-filter>
232-->[androidx.work:work-runtime:2.3.4] AndroidManifest.xml:71:13-74:29
233                <action android:name="android.intent.action.ACTION_POWER_CONNECTED" />
233-->[androidx.work:work-runtime:2.3.4] AndroidManifest.xml:72:17-87
233-->[androidx.work:work-runtime:2.3.4] AndroidManifest.xml:72:25-84
234                <action android:name="android.intent.action.ACTION_POWER_DISCONNECTED" />
234-->[androidx.work:work-runtime:2.3.4] AndroidManifest.xml:73:17-90
234-->[androidx.work:work-runtime:2.3.4] AndroidManifest.xml:73:25-87
235            </intent-filter>
236        </receiver>
237        <receiver
237-->[androidx.work:work-runtime:2.3.4] AndroidManifest.xml:76:9-86:20
238            android:name="androidx.work.impl.background.systemalarm.ConstraintProxy$BatteryNotLowProxy"
238-->[androidx.work:work-runtime:2.3.4] AndroidManifest.xml:77:13-104
239            android:directBootAware="false"
239-->[androidx.work:work-runtime:2.3.4] AndroidManifest.xml:78:13-44
240            android:enabled="false"
240-->[androidx.work:work-runtime:2.3.4] AndroidManifest.xml:79:13-36
241            android:exported="false" >
241-->[androidx.work:work-runtime:2.3.4] AndroidManifest.xml:80:13-37
242            <intent-filter>
242-->[androidx.work:work-runtime:2.3.4] AndroidManifest.xml:82:13-85:29
243                <action android:name="android.intent.action.BATTERY_OKAY" />
243-->[androidx.work:work-runtime:2.3.4] AndroidManifest.xml:83:17-77
243-->[androidx.work:work-runtime:2.3.4] AndroidManifest.xml:83:25-74
244                <action android:name="android.intent.action.BATTERY_LOW" />
244-->[androidx.work:work-runtime:2.3.4] AndroidManifest.xml:84:17-76
244-->[androidx.work:work-runtime:2.3.4] AndroidManifest.xml:84:25-73
245            </intent-filter>
246        </receiver>
247        <receiver
247-->[androidx.work:work-runtime:2.3.4] AndroidManifest.xml:87:9-97:20
248            android:name="androidx.work.impl.background.systemalarm.ConstraintProxy$StorageNotLowProxy"
248-->[androidx.work:work-runtime:2.3.4] AndroidManifest.xml:88:13-104
249            android:directBootAware="false"
249-->[androidx.work:work-runtime:2.3.4] AndroidManifest.xml:89:13-44
250            android:enabled="false"
250-->[androidx.work:work-runtime:2.3.4] AndroidManifest.xml:90:13-36
251            android:exported="false" >
251-->[androidx.work:work-runtime:2.3.4] AndroidManifest.xml:91:13-37
252            <intent-filter>
252-->[androidx.work:work-runtime:2.3.4] AndroidManifest.xml:93:13-96:29
253                <action android:name="android.intent.action.DEVICE_STORAGE_LOW" />
253-->[androidx.work:work-runtime:2.3.4] AndroidManifest.xml:94:17-83
253-->[androidx.work:work-runtime:2.3.4] AndroidManifest.xml:94:25-80
254                <action android:name="android.intent.action.DEVICE_STORAGE_OK" />
254-->[androidx.work:work-runtime:2.3.4] AndroidManifest.xml:95:17-82
254-->[androidx.work:work-runtime:2.3.4] AndroidManifest.xml:95:25-79
255            </intent-filter>
256        </receiver>
257        <receiver
257-->[androidx.work:work-runtime:2.3.4] AndroidManifest.xml:98:9-107:20
258            android:name="androidx.work.impl.background.systemalarm.ConstraintProxy$NetworkStateProxy"
258-->[androidx.work:work-runtime:2.3.4] AndroidManifest.xml:99:13-103
259            android:directBootAware="false"
259-->[androidx.work:work-runtime:2.3.4] AndroidManifest.xml:100:13-44
260            android:enabled="false"
260-->[androidx.work:work-runtime:2.3.4] AndroidManifest.xml:101:13-36
261            android:exported="false" >
261-->[androidx.work:work-runtime:2.3.4] AndroidManifest.xml:102:13-37
262            <intent-filter>
262-->[androidx.work:work-runtime:2.3.4] AndroidManifest.xml:104:13-106:29
263                <action android:name="android.net.conn.CONNECTIVITY_CHANGE" />
263-->[androidx.work:work-runtime:2.3.4] AndroidManifest.xml:105:17-79
263-->[androidx.work:work-runtime:2.3.4] AndroidManifest.xml:105:25-76
264            </intent-filter>
265        </receiver>
266        <receiver
266-->[androidx.work:work-runtime:2.3.4] AndroidManifest.xml:108:9-119:20
267            android:name="androidx.work.impl.background.systemalarm.RescheduleReceiver"
267-->[androidx.work:work-runtime:2.3.4] AndroidManifest.xml:109:13-88
268            android:directBootAware="false"